1646817705644	geckodriver	INFO	Listening on 127.0.0.1:51199
1646817708678	mozrunner::runner	INFO	Running command: "C:\\Program Files\\Mozilla Firefox\\firefox.exe" "--marionette" "-no-remote" "-profile" "C:\\Users\\Elnathan\\AppData\\Local\\Temp\\rust_mozprofileP7AD4Z"
1646817709383	Marionette	INFO	Marionette enabled
console.warn: SearchSettings: "get: No settings file exists, new profile?" (new NotFoundError("Could not open the file at C:\\Users\\Elnathan\\AppData\\Local\\Temp\\rust_mozprofileP7AD4Z\\search.json.mozlz4", (void 0)))
1646817712699	Marionette	INFO	Listening on port 51212
1646817712893	RemoteAgent	WARN	TLS certificate errors will be ignored for this session
1646818149708	Marionette	INFO	Stopped listening on port 51212
console.warn: TopSitesFeed: Failed to fetch data from Contile server: NetworkError when attempting to fetch resource.
[Parent 17496, IPC I/O Parent] WARNING: file /builds/worker/checkouts/gecko/ipc/chromium/src/base/process_util_win.cc:167

###!!! [Parent][RunMessage] Error: Channel closing: too late to send/recv, messages will be lost

1646818154089	geckodriver	INFO	Listening on 127.0.0.1:51769
1646818157133	mozrunner::runner	INFO	Running command: "C:\\Program Files\\Mozilla Firefox\\firefox.exe" "--marionette" "-no-remote" "-profile" "C:\\Users\\Elnathan\\AppData\\Local\\Temp\\rust_mozprofile3st1pm"
1646818157554	Marionette	INFO	Marionette enabled
console.warn: SearchSettings: "get: No settings file exists, new profile?" (new NotFoundError("Could not open the file at C:\\Users\\Elnathan\\AppData\\Local\\Temp\\rust_mozprofile3st1pm\\search.json.mozlz4", (void 0)))
1646818159909	Marionette	INFO	Listening on port 51782
1646818160331	RemoteAgent	WARN	TLS certificate errors will be ignored for this session
1646818185274	Marionette	INFO	Stopped listening on port 51782
console.warn: TopSitesFeed: Failed to fetch data from Contile server: NetworkError when attempting to fetch resource.

###!!! [Parent][RunMessage] Error: Channel closing: too late to send/recv, messages will be lost

1646818274471	geckodriver	INFO	Listening on 127.0.0.1:51975
1646818277519	mozrunner::runner	INFO	Running command: "C:\\Program Files\\Mozilla Firefox\\firefox.exe" "--marionette" "-no-remote" "-profile" "C:\\Users\\Elnathan\\AppData\\Local\\Temp\\rust_mozprofileMeopN9"
1646818277882	Marionette	INFO	Marionette enabled
console.warn: SearchSettings: "get: No settings file exists, new profile?" (new NotFoundError("Could not open the file at C:\\Users\\Elnathan\\AppData\\Local\\Temp\\rust_mozprofileMeopN9\\search.json.mozlz4", (void 0)))
1646818280013	Marionette	INFO	Listening on port 51987
1646818280183	RemoteAgent	WARN	TLS certificate errors will be ignored for this session
1646818418877	Marionette	INFO	Stopped listening on port 51987
console.warn: TopSitesFeed: Failed to fetch data from Contile server: NetworkError when attempting to fetch resource.

###!!! [Parent][RunMessage] Error: Channel closing: too late to send/recv, messages will be lost

Marionette	INFO	Marionette enabled
console.warn: SearchSettings: "get: No settings file exists, new profile?" (new NotFoundError("Could not open the file at C:\\Users\\Elnathan\\AppData\\Local\\Temp\\rust_mozprofilerd8K2O\\search.json.mozlz4", (void 0)))
1646818403160	Marionette	INFO	Listening on port 52200
1646818403196	RemoteAgent	WARN	TLS certificate errors will be ignored for this session
1646818418075	Marionette	INFO	Stopped listening on port 52200
console.warn: TopSitesFeed: Failed to fetch data from Contile server: NetworkError when attempting to fetch resource.
JavaScript error: chrome://remote/content/marionette/cert.js, line 55: NS_ERROR_NOT_AVAILABLE: Component returned failure code: 0x80040111 (NS_ERROR_NOT_AVAILABLE) [nsICertOverrideService.setDisableAllSecurityChecksAndLetAttackersInterceptMyData]
1646818438733	geckodriver	INFO	Listening on 127.0.0.1:52304
1646818441751	mozrunner::runner	INFO	Running command: "C:\\Program Files\\Mozilla Firefox\\firefox.exe" "--marionette" "-no-remote" "-profile" "C:\\Users\\Elnathan\\AppData\\Local\\Temp\\rust_mozprofile54Zo1x"
1646818442119	Marionette	INFO	Marionette enabled
console.warn: SearchSettings: "get: No settings file exists, new profile?" (new NotFoundError("Could not open the file at C:\\Users\\Elnathan\\AppData\\Local\\Temp\\rust_mozprofile54Zo1x\\search.json.mozlz4", (void 0)))
1646818444314	Marionette	INFO	Listening on port 52314
1646818444426	RemoteAgent	WARN	TLS certificate errors will be ignored for this session
1646818513367	Marionette	INFO	Stopped listening on port 52311646818515286	mozrunner::runner	INFO	Running command: "C:\\Program Files\\Mozilla Firefox\\firefox.exe" "--marionette" "-no-remote" "-profile" "C:\\Users\\Elnathan\\AppData\\Local\\Temp\\rust_mozprofileXUsvY8"
1646818515670	Marionette	INFO	Marionette enabled
console.warn: SearchSettings: "get: No settings file exists, new profile?" (new NotFoundError("Could not open the file at C:\\Users\\Elnathan\\AppData\\Local\\Temp\\rust_mozprofileXUsvY8\\search.json.mozlz4", (void 0)))
1646818517812	Marionette	INFO	Listening on port 52460
1646818517955	RemoteAgent	WARN	TLS certificate errors will be ignored for this session
1646818609860	Marionette	INFO	Stopped listening on port 52461646818610301	mozrunner::runner	INFO	Running command: "C:\\Program Files\\Mozilla Firefox\\firefox.exe" "--marionette" "-no-remote" "-profile" "C:\\Users\\Elnathan\\AppData\\Local\\Temp\\rust_mozprofileeovgKH"
1646818610703	Marionette	INFO	Marionette enabled
console.warn: SearchSettings: "get: No settings file exists, new profile?" (new NotFoundError("Could not open the file at C:\\Users\\Elnathan\\AppData\\Local\\Temp\\rust_mozprofileeovgKH\\search.json.mozlz4", (void 0)))
1646818612999	Marionette	INFO	Listening on port 52631
1646818613482	RemoteAgent	WARN	TLS certificate errors will be ignored for this session
1646818656915	Marionette	INFO	Stopped listening on port 52631
console.warn: TopSitesFeed: Failed to fetch data from Contile server: NetworkError when attempting to fetch resource.
1646818757812	geckodriver	INFO	Listening on 127.0.0.1:52844
1646818760851	mozrunner::runner	INFO	Running command: "C:\\Program Files\\Mozilla Firefox\\firefox.exe" "--marionette" "-no-remote" "-profile" "C:\\Users\\Elnathan\\AppData\\Local\\Temp\\rust_mozprofilegaJsJz"
1646818761231	Marionette	INFO	Marionette enabled
console.warn: SearchSettings: "get: No settings file exists, new profile?" (new NotFoundError("Could not open the file at C:\\Users\\Elnathan\\AppData\\Local\\Temp\\rust_mozprofilegaJsJz\\search.json.mozlz4", (void 0)))
1646818763495	Marionette	INFO	Listening on port 52854
1646818763533	RemoteAgent	WARN	TLS certificate errors will be ignored for this session
1646818774476	Marionette	INFO	Stopped listening on port 52854
console.warn: TopSitesFeed: Failed to fetch data from Contile server: NetworkError when attempting to fetch resource.

###!!! [Parent][RunMessage] Error: Channel closing: too late to send/recv, messages will be lost

1646818789694	geckodriver	INFO	Listening on 127.0.0.1:52946
1646818792734	mozrunner::runner	INFO	Running command: "C:\\Program Files\\Mozilla Firefox\\firefox.exe" "--marionette" "-no-remote" "-profile" "C:\\Users\\Elnathan\\AppData\\Local\\Temp\\rust_mozprofileaFe86o"
1646818793169	Marionette	INFO	Marionette enabled
console.warn: SearchSettings: "get: No settings file exists, new profile?" (new NotFoundError("Could not open the file at C:\\Users\\Elnathan\\AppData\\Local\\Temp\\rust_mozprofileaFe86o\\search.json.mozlz4", (void 0)))
1646818795565	Marionette	INFO	Listening on port 52956
1646818795920	RemoteAgent	WARN	TLS certificate errors will be ignored for this session
1646818857791	Marionette	INFO	Stopped listening on port 52951646818859904	mozrunner::runner	INFO	Running command: "C:\\Program Files\\Mozilla Firefox\\firefox.exe" "--marionette" "-no-remote" "-profile" "C:\\Users\\Elnathan\\AppData\\Local\\Temp\\rust_mozprofileuZyxCl"
1646818860264	Marionette	INFO	Marionette enabled
console.warn: SearchSettings: "get: No settings file exists, new profile?" (new NotFoundError("Could not open the file at C:\\Users\\Elnathan\\AppData\\Local\\Temp\\rust_mozprofileuZyxCl\\search.json.mozlz4", (void 0)))
1646818862574	Marionette	INFO	Listening on port 53092
1646818863087	RemoteAgent	WARN	TLS certificate errors will be ignored for this session
1646819031214	Marionette	INFO	Stopped listening on port 53092
console.warn: TopSitesFeed: Failed to fetch data from Contile server: NetworkError when attempting to fetch resource.

###!!! [Parent][RunMessage] Error: Channel closing: too late to send/recv, messages will be lost

Marionette	INFO	Marionette enabled
console.warn: SearchSettings: "get: No settings file exists, new profile?" (new NotFoundError("Could not open the file at C:\\Users\\Elnathan\\AppData\\Local\\Temp\\rust_mozprofilei4KcVz\\search.json.mozlz4", (void 0)))
1646818984982	Marionette	INFO	Listening on port 53295
1646818985479	RemoteAgent	WARN	TLS certificate errors will be ignored for this session
1646819032188	Marionette	INFO	Stopped listening on port 53291646819032500	mozrunner::runner	INFO	Running command: "C:\\Program Files\\Mozilla Firefox\\firefox.exe" "--marionette" "-no-remote" "-profile" "C:\\Users\\Elnathan\\AppData\\Local\\Temp\\rust_mozprofilej8Sn9m"
1646819032898	Marionette	INFO	Marionette enabled
console.warn: SearchSettings: "get: No settings file exists, new profile?" (new NotFoundError("Could not open the file at C:\\Users\\Elnathan\\AppData\\Local\\Temp\\rust_mozprofilej8Sn9m\\search.json.mozlz4", (void 0)))
1646819035084	Marionette	INFO	Listening on port 53415
1646819035176	RemoteAgent	WARN	TLS certificate errors will be ignored for this session
1646819095758	Marionette	INFO	Stopped listening on port 53411646819097442	mozrunner::runner	INFO	Running command: "C:\\Program Files\\Mozilla Firefox\\firefox.exe" "--marionette" "-no-remote" "-profile" "C:\\Users\\Elnathan\\AppData\\Local\\Temp\\rust_mozprofileVGwvaa"
1646819097826	Marionette	INFO	Marionette enabled
console.warn: SearchSettings: "get: No settings file exists, new profile?" (new NotFoundError("Could not open the file at C:\\Users\\Elnathan\\AppData\\Local\\Temp\\rust_mozprofileVGwvaa\\search.json.mozlz4", (void 0)))
1646819099991	Marionette	INFO	Listening on port 53547
1646819100131	RemoteAgent	WARN	TLS certificate errors will be ignored for this session
1646820027814	Marionette	INFO	Stopped listening on port 53547
console.warn: TopSitesFeed: Failed to fetch data from Contile server: NetworkError when attempting to fetch resource.
1646820029099	geckodriver	INFO	Listening on 127.0.0.1:54632
1646820032181	mozrunner::runner	INFO	Running command: "C:\\Program Files\\Mozilla Firefox\\firefox.exe" "--marionette" "-no-remote" "-profile" "C:\\Users\\Elnathan\\AppData\\Local\\Temp\\rust_mozprofileRzOgOC"
1646820032561	Marionette	INFO	Marionette enabled
console.warn: SearchSettings: "get: No settings file exists, new profile?" (new NotFoundError("Could not open the file at C:\\Users\\Elnathan\\AppData\\Local\\Temp\\rust_mozprofileRzOgOC\\search.json.mozlz4", (void 0)))
1646820034975	Marionette	INFO	Listening on port 54643
1646820035360	RemoteAgent	WARN	TLS certificate errors will be ignored for this session
1646820126866	Marionette	INFO	Stopped listening on port 54641646820128899	mozrunner::runner	INFO	Running command: "C:\\Program Files\\Mozilla Firefox\\firefox.exe" "--marionette" "-no-remote" "-profile" "C:\\Users\\Elnathan\\AppData\\Local\\Temp\\rust_mozprofileYhsVP9"
1646820129269	Marionette	INFO	Marionette enabled
console.warn: SearchSettings: "get: No settings file exists, new profile?" (new NotFoundError("Could not open the file at C:\\Users\\Elnathan\\AppData\\Local\\Temp\\rust_mozprofileYhsVP9\\search.json.mozlz4", (void 0)))
1646820131433	Marionette	INFO	Listening on port 54811
1646820131572	RemoteAgent	WARN	TLS certificate errors will be ignored for this session
1646824913975	Marionette	INFO	Stopped listening on port 54811646824914340	mozrunner::runner	INFO	Running command: "C:\\Program Files\\Mozilla Firefox\\firefox.exe" "--marionette" "-no-remote" "-profile" "C:\\Users\\Elnathan\\AppData\\Local\\Temp\\rust_mozprofilef4TPDU"
1646824914830	Marionette	INFO	Marionette enabled
console.warn: SearchSettings: "get: No settings file exists, new profile?" (new NotFoundError("Could not open the file at C:\\Users\\Elnathan\\AppData\\Local\\Temp\\rust_mozprofilef4TPDU\\search.json.mozlz4", (void 0)))
1646824917323	Marionette	INFO	Listening on port 60199
1646824917543	RemoteAgent	WARN	TLS certificate errors will be ignored for this session
1646825036028	Marionette	INFO	Stopped listening on port 60191646825037931	mozrunner::runner	INFO	Running command: "C:\\Program Files\\Mozilla Firefox\\firefox.exe" "--marionette" "-no-remote" "-profile" "C:\\Users\\Elnathan\\AppData\\Local\\Temp\\rust_mozprofileGWEbmu"
1646825038329	Marionette	INFO	Marionette enabled
console.warn: SearchSettings: "get: No settings file exists, new profile?" (new NotFoundError("Could not open the file at C:\\Users\\Elnathan\\AppData\\Local\\Temp\\rust_mozprofileGWEbmu\\search.json.mozlz4", (void 0)))
1646825040595	Marionette	INFO	Listening on port 60395
1646825040624	RemoteAgent	WARN	TLS certificate errors will be ignored for this session
1646825075766	Marionette	INFO	Stopped listening on port 60391646825077732	mozrunner::runner	INFO	Running command: "C:\\Program Files\\Mozilla Firefox\\firefox.exe" "--marionette" "-no-remote" "-profile" "C:\\Users\\Elnathan\\AppData\\Local\\Temp\\rust_mozprofilen0rOq2"
1646825078123	Marionette	INFO	Marionette enabled
console.warn: SearchSettings: "get: No settings file exists, new profile?" (new NotFoundError("Could not open the file at C:\\Users\\Elnathan\\AppData\\Local\\Temp\\rust_mozprofilen0rOq2\\search.json.mozlz4", (void 0)))
1646825080197	Marionette	INFO	Listening on port 60510
1646825080410	RemoteAgent	WARN	TLS certificate errors will be ignored for this session
1646825317223	Marionette	INFO	Stopped listening on port 60510
console.warn: TopSitesFeed: Failed to fetch data from Contile server: NetworkError when attempting to fetch resource.
1646825319297	geckodriver	INFO	Listening on 127.0.0.1:60892
1646825322337	mozrunner::runner	INFO	Running command: "C:\\Program Files\\Mozilla Firefox\\firefox.exe" "--marionette" "-no-remote" "-profile" "C:\\Users\\Elnathan\\AppData\\Local\\Temp\\rust_mozprofileOAicJh"
1646825322770	Marionette	INFO	Marionette enabled
console.warn: SearchSettings: "get: No settings file exists, new profile?" (new NotFoundError("Could not open the file at C:\\Users\\Elnathan\\AppData\\Local\\Temp\\rust_mozprofileOAicJh\\search.json.mozlz4", (void 0)))
1646825324898	Marionette	INFO	Listening on port 60907
1646825325024	RemoteAgent	WARN	TLS certificate errors will be ignored for this session
1646825407185	Marionette	INFO	Stopped listening on port 60901646825409032	mozrunner::runner	INFO	Running command: "C:\\Program Files\\Mozilla Firefox\\firefox.exe" "--marionette" "-no-remote" "-profile" "C:\\Users\\Elnathan\\AppData\\Local\\Temp\\rust_mozprofileWCHAV4"
1646825409426	Marionette	INFO	Marionette enabled
console.warn: SearchSettings: "get: No settings file exists, new profile?" (new NotFoundError("Could not open the file at C:\\Users\\Elnathan\\AppData\\Local\\Temp\\rust_mozprofileWCHAV4\\search.json.mozlz4", (void 0)))
1646825411674	Marionette	INFO	Listening on port 61061
1646825411715	RemoteAgent	WARN	TLS certificate errors will be ignored for this session
1646825810411	Marionette	INFO	Stopped listening on port 61061646825812377	mozrunner::runner	INFO	Running command: "C:\\Program Files\\Mozilla Firefox\\firefox.exe" "--marionette" "-no-remote" "-profile" "C:\\Users\\Elnathan\\AppData\\Local\\Temp\\rust_mozprofilevX6N4I"
1646825812770	Marionette	INFO	Marionette enabled
console.warn: SearchSettings: "get: No settings file exists, new profile?" (new NotFoundError("Could not open the file at C:\\Users\\Elnathan\\AppData\\Local\\Temp\\rust_mozprofilevX6N4I\\search.json.mozlz4", (void 0)))
1646825815351	Marionette	INFO	Listening on port 61580
1646825815553	RemoteAgent	WARN	TLS certificate errors will be ignored for this session
1646826032199	Marionette	INFO	Stopped listening on port 61580
console.warn: TopSitesFeed: Failed to fetch data from Contile server: NetworkError when attempting to fetch resource.

###!!! [Parent][RunMessage] Error: Channel closing: too late to send/recv, messages will be lost

Marionette	INFO	Marionette enabled
console.warn: SearchSettings: "get: No settings file exists, new profile?" (new NotFoundError("Could not open the file at C:\\Users\\Elnathan\\AppData\\Local\\Temp\\rust_mozprofiled6CapK\\search.json.mozlz4", (void 0)))
1646826022651	Marionette	INFO	Listening on port 61869
1646826023053	RemoteAgent	WARN	TLS certificate errors will be ignored for this session
1646826361902	Marionette	INFO	Stopped listening on port 61861646826363335	mozrunner::runner	INFO	Running command: "C:\\Program Files\\Mozilla Firefox\\firefox.exe" "--marionette" "-no-remote" "-profile" "C:\\Users\\Elnathan\\AppData\\Local\\Temp\\rust_mozprofileVunfMP"
1646826366676	Marionette	INFO	Marionette enabled
console.warn: SearchSettings: "get: No settings file exists, new profile?" (new NotFoundError("Could not open the file at C:\\Users\\Elnathan\\AppData\\Local\\Temp\\rust_mozprofileVunfMP\\search.json.mozlz4", (void 0)))
1646826368747	Marionette	INFO	Listening on port 62304
1646826369117	RemoteAgent	WARN	TLS certificate errors will be ignored for this session
JavaScript warning: https://pagead2.googlesyndication.com/bg/hbjI8xylHpjavQyfdphvo41Bfdkh_RgUM1b0sbpcRZI.js line 1 > eval line 4159 > eval line 1 > eval line 1 > eval, line 1: WEBGL_debug_renderer_info is deprecated in Firefox and will be removed. Please use RENDERER.
JavaScript warning: https://pagead2.googlesyndication.com/bg/hbjI8xylHpjavQyfdphvo41Bfdkh_RgUM1b0sbpcRZI.js line 1 > eval line 5741 > eval line 1 > eval line 1 > eval, line 1: WEBGL_debug_renderer_info is deprecated in Firefox and will be removed. Please use RENDERER.
JavaScript error: , line 0: TypeError: NetworkError when attempting to fetch resource.
JavaScript warning: https://pagead2.googlesyndication.com/bg/hbjI8xylHpjavQyfdphvo41Bfdkh_RgUM1b0sbpcRZI.js line 1 > eval line 6006 > eval line 1 > eval line 1 > eval, line 1: WEBGL_debug_renderer_info is deprecated in Firefox and will be removed. Please use RENDERER.
JavaScript warning: https://pagead2.googlesyndication.com/bg/hbjI8xylHpjavQyfdphvo41Bfdkh_RgUM1b0sbpcRZI.js line 1 > eval line 939 > eval line 1 > eval line 1 > eval, line 1: WEBGL_debug_renderer_info is deprecated in Firefox and will be removed. Please use RENDERER.
JavaScript warning: https://pagead2.googlesyndication.com/bg/hbjI8xylHpjavQyfdphvo41Bfdkh_RgUM1b0sbpcRZI.js line 1 > eval line 7482 > eval line 1 > eval line 1 > eval, line 1: WEBGL_debug_renderer_info is deprecated in Firefox and will be removed. Please use RENDERER.
1646826411034	Marionette	INFO	Stopped listening on port 62304
JavaScript error: , line 0: TypeError: NetworkError when attempting to fetch resource.
JavaScript error: , line 0: TypeError: NetworkError when attempting to fetch resource.
JavaScript error: , line 0: TypeError: NetworkError when attempting to fetch resource.
JavaScript error: , line 0: TypeError: NetworkError when attempting to fetch resource.
console.warn: TopSitesFeed: Failed to fetch data from Contile server: NetworkError when attempting to fetch resource.
1646826982834	geckodriver	INFO	Listening on 127.0.0.1:63123
1646826985899	mozrunner::runner	INFO	Running command: "C:\\Program Files\\Mozilla Firefox\\firefox.exe" "--marionette" "-no-remote" "-profile" "C:\\Users\\Elnathan\\AppData\\Local\\Temp\\rust_mozprofileBAvoOQ"
1646826986283	Marionette	INFO	Marionette enabled
console.warn: SearchSettings: "get: No settings file exists, new profile?" (new NotFoundError("Could not open the file at C:\\Users\\Elnathan\\AppData\\Local\\Temp\\rust_mozprofileBAvoOQ\\search.json.mozlz4", (void 0)))
1646826988375	Marionette	INFO	Listening on port 63133
1646826988582	RemoteAgent	WARN	TLS certificate errors will be ignored for this session
JavaScript warning: https://pagead2.googlesyndication.com/bg/hbjI8xylHpjavQyfdphvo41Bfdkh_RgUM1b0sbpcRZI.js line 1 > eval line 2177 > eval line 1 > eval line 1 > eval, line 1: WEBGL_debug_renderer_info is deprecated in Firefox and will be removed. Please use RENDERER.
1646827013525	Marionette	WARN	Ignoring event 'DOMContentLoaded' because document has an invalid readyState of 'complete'.
JavaScript warning: https://pagead2.googlesyndication.com/bg/hbjI8xylHpjavQyfdphvo41Bfdkh_RgUM1b0sbpcRZI.js line 1 > eval line 2956 > eval line 1 > eval line 1 > eval, line 1: WEBGL_debug_renderer_info is deprecated in Firefox and will be removed. Please use RENDERER.
JavaScript warning: https://pagead2.googlesyndication.com/bg/hbjI8xylHpjavQyfdphvo41Bfdkh_RgUM1b0sbpcRZI.js line 1 > eval line 1883 > eval line 1 > eval line 1 > eval, line 1: WEBGL_debug_renderer_info is deprecated in Firefox and will be removed. Please use RENDERER.
JavaScript warning: https://pagead2.googlesyndication.com/bg/hbjI8xylHpjavQyfdphvo41Bfdkh_RgUM1b0sbpcRZI.js line 1 > eval line 3783 > eval line 1 > eval line 1 > eval, line 1: WEBGL_debug_renderer_info is deprecated in Firefox and will be removed. Please use RENDERER.
JavaScript warning: https://pagead2.googlesyndication.com/bg/hbjI8xylHpjavQyfdphvo41Bfdkh_RgUM1b0sbpcRZI.js line 1 > eval line 7342 > eval line 1 > eval line 1 > eval, line 1: WEBGL_debug_renderer_info is deprecated in Firefox and will be removed. Please use RENDERER.
1646827257091	Marionette	INFO	Stopped listening on port 63131646827258689	mozrunner::runner	INFO	Running command: "C:\\Program Files\\Mozilla Firefox\\firefox.exe" "--marionette" "-no-remote" "-profile" "C:\\Users\\Elnathan\\AppData\\Local\\Temp\\rust_mozprofileNTLwmf"
1646827263061	Marionette	INFO	Marionette enabled
console.warn: SearchSettings: "get: No settings file exists, new profile?" (new NotFoundError("Could not open the file at C:\\Users\\Elnathan\\AppData\\Local\\Temp\\rust_mozprofileNTLwmf\\search.json.mozlz4", (void 0)))
1646827265312	Marionette	INFO	Listening on port 63760
1646827265601	RemoteAgent	WARN	TLS certificate errors will be ignored for this session
JavaScript error: , line 0: uncaught exception: undefined
JavaScript warning: https://pagead2.googlesyndication.com/bg/hbjI8xylHpjavQyfdphvo41Bfdkh_RgUM1b0sbpcRZI.js line 1 > eval line 7482 > eval line 1 > eval line 1 > eval, line 1: WEBGL_debug_renderer_info is deprecated in Firefox and will be removed. Please use RENDERER.
JavaScript warning: https://pagead2.googlesyndication.com/bg/hbjI8xylHpjavQyfdphvo41Bfdkh_RgUM1b0sbpcRZI.js line 1 > eval line 4414 > eval line 1 > eval line 1 > eval, line 1: WEBGL_debug_renderer_info is deprecated in Firefox and will be removed. Please use RENDERER.
JavaScript warning: https://pagead2.googlesyndication.com/bg/hbjI8xylHpjavQyfdphvo41Bfdkh_RgUM1b0sbpcRZI.js line 1 > eval line 16 > eval line 1 > eval line 1 > eval, line 1: WEBGL_debug_renderer_info is deprecated in Firefox and will be removed. Please use RENDERER.
JavaScript warning: https://pagead2.googlesyndication.com/bg/hbjI8xylHpjavQyfdphvo41Bfdkh_RgUM1b0sbpcRZI.js line 1 > eval line 6861 > eval line 1 > eval line 1 > eval, line 1: WEBGL_debug_renderer_info is deprecated in Firefox and will be removed. Please use RENDERER.
JavaScript error: , line 0: TypeError: NetworkError when attempting to fetch resource.
JavaScript error: , line 0: TypeError: NetworkError when attempting to fetch resource.
JavaScript error: , line 0: TypeError: NetworkError when attempting to fetch resource.
JavaScript warning: https://pagead2.googlesyndication.com/bg/hbjI8xylHpjavQyfdphvo41Bfdkh_RgUM1b0sbpcRZI.js line 1 > eval line 4226 > eval line 1 > eval line 1 > eval, line 1: WEBGL_debug_renderer_info is deprecated in Firefox and will be removed. Please use RENDERER.
1646827431133	Marionette	INFO	Stopped listening on port 63760
console.warn: TopSitesFeed: Failed to fetch data from Contile server: NetworkError when attempting to fetch resource.
JavaScript error: , line 0: TypeError: NetworkError when attempting to fetch resource.
JavaScript error: , line 0: TypeError: NetworkErroconsole.warn: SearchSettings: "get: No settings file exists, new profile?" (new NotFoundError("Could not open the file at C:\\Users\\Elnathan\\AppData\\Local\\Temp\\rust_mozprofileqeZvm9\\search.json.mozlz4", (void 0)))
1646827432349	Marionette	INFO	Listening on port 64092
1646827432538	RemoteAgent	WARN	TLS certificate errors will be ignored for this session
JavaScript error: , line 0: uncaught exception: undefined
JavaScript warning: https://pagead2.googlesyndication.com/bg/hbjI8xylHpjavQyfdphvo41Bfdkh_RgUM1b0sbpcRZI.js line 1 > eval line 6400 > eval line 1 > eval line 1 > eval, line 1: WEBGL_debug_renderer_info is deprecated in Firefox and will be removed. Please use RENDERER.
JavaScript warning: https://pagead2.googlesyndication.com/bg/hbjI8xylHpjavQyfdphvo41Bfdkh_RgUM1b0sbpcRZI.js line 1 > eval line 6503 > eval line 1 > eval line 1 > eval, line 1: WEBGL_debug_renderer_info is deprecated in Firefox and will be removed. Please use RENDERER.
JavaScript warning: https://pagead2.googlesyndication.com/bg/hbjI8xylHpjavQyfdphvo41Bfdkh_RgUM1b0sbpcRZI.js line 1 > eval line 6743 > eval line 1 > eval line 1 > eval, line 1: WEBGL_debug_renderer_info is deprecated in Firefox and will be removed. Please use RENDERER.
JavaScript warning: https://pagead2.googlesyndication.com/bg/hbjI8xylHpjavQyfdphvo41Bfdkh_RgUM1b0sbpcRZI.js line 1 > eval line 7433 > eval line 1 > eval line 1 > eval, line 1: WEBGL_debug_renderer_info is deprecated in Firefox and will be removed. Please use RENDERER.
1646827504362	Marionette	INFO	Stopped listening on port 64092
JavaScript error: , line 0: TypeError: NetworkError when attempting to fetch resource.
JavaScript error: , line 0: TypeError: NetworkError when attempting to fetch resource.
JavaScript error: , line 0: Typ1646827506143	Marionette	INFO	Marionette enabled
console.warn: SearchSettings: "get: No settings file exists, new profile?" (new NotFoundError("Could not open the file at C:\\Users\\Elnathan\\AppData\\Local\\Temp\\rust_mozprofileSKp8su\\search.json.mozlz4", (void 0)))
1646827508346	Marionette	INFO	Listening on port 64348
1646827508870	RemoteAgent	WARN	TLS certificate errors will be ignored for this session
JavaScript warning: https://pagead2.googlesyndication.com/bg/hbjI8xylHpjavQyfdphvo41Bfdkh_RgUM1b0sbpcRZI.js line 1 > eval line 3785 > eval line 1 > eval line 1 > eval, line 1: WEBGL_debug_renderer_info is deprecated in Firefox and will be removed. Please use RENDERER.
1646827535480	Marionette	WARN	Ignoring event 'DOMContentLoaded' because document has an invalid readyState of 'complete'.
JavaScript warning: https://pagead2.googlesyndication.com/bg/hbjI8xylHpjavQyfdphvo41Bfdkh_RgUM1b0sbpcRZI.js line 1 > eval line 2021 > eval line 1 > eval line 1 > eval, line 1: WEBGL_debug_renderer_info is deprecated in Firefox and will be removed. Please use RENDERER.
IPDL protocol error: Handler returned error code!

###!!! [Parent][DispatchAsyncMessage] Error: PMessagePort::Msg_PostMessages Processing error: message was deserialized, but the handler returned false (indicating failure)

JavaScript warning: https://pagead2.googlesyndication.com/bg/hbjI8xylHpjavQyfdphvo41Bfdkh_RgUM1b0sbpcRZI.js line 1 > eval line 669 > eval line 1 > eval line 1 > eval, line 1: WEBGL_debug_renderer_info is deprecated in Firefox and will be removed. Please use RENDERER.
1646827782845	Marionette	INFO	Stopped listening on port 64348
JavaScript error: , line 0: TypeError: NetworkError when attempting to fetch resource.
JavaScript error: , line 0: TypeError: NetworkError when attempting to fetch resource.
JavaScript error: , line 0: TypeError: NetworkError when attempting to fetch resource.
JavaScript error: , line 0: TypeError: NetworkError when attempting to fetch resource.
console.warn: TopSitesFeed: Failed to fetch data from Contile server: NetworkError when attempting to fetch resource.

###!!! [Parent][RunMessage] Error: Channel closing: too late to send/recv, messages will be lost

ficate errors will be ignored for this session
1646827801945	Marionette	WARN	Ignoring event 'DOMContentLoaded' because document has an invalid readyState of 'complete'.
JavaScript error: , line 0: uncaught exception: undefined
JavaScript warning: https://pagead2.googlesyndication.com/bg/hbjI8xylHpjavQyfdphvo41Bfdkh_RgUM1b0sbpcRZI.js line 1 > eval line 4763 > eval line 1 > eval line 1 > eval, line 1: WEBGL_debug_renderer_info is deprecated in Firefox and will be removed. Please use RENDERER.
JavaScript error: , line 0: TypeError: NetworkError when attempting to fetch resource.
JavaScript warning: https://pagead2.googlesyndication.com/bg/hbjI8xylHpjavQyfdphvo41Bfdkh_RgUM1b0sbpcRZI.js line 1 > eval line 6427 > eval line 1 > eval line 1 > eval, line 1: WEBGL_debug_renderer_info is deprecated in Firefox and will be removed. Please use RENDERER.
JavaScript warning: https://pagead2.googlesyndication.com/bg/hbjI8xylHpjavQyfdphvo41Bfdkh_RgUM1b0sbpcRZI.js line 1 > eval line 6295 > eval line 1 > eval line 1 > eval, line 1: WEBGL_debug_renderer_info is deprecated in Firefox and will be removed. Please use RENDERER.
JavaScript error: , line 0: TypeError: NetworkError when attempting to fetch resource.
JavaScript error: , line 0: TypeError: NetworkError when attempting to fetch resource.
JavaScript error: , line 0: uncaught exception: undefined
JavaScript warning: https://pagead2.googlesyndication.com/bg/hbjI8xylHpjavQyfdphvo41Bfdkh_RgUM1b0sbpcRZI.js line 1 > eval line 817 > eval line 1 > eval line 1 > eval, line 1: WEBGL_debug_renderer_info is deprecated in Firefox and will be removed. Please use RENDERER.
JavaScript warning: https://pagead2.googlesyndication.com/bg/hbjI8xylHpjavQyfdphvo41Bfdkh_RgUM1b0sbpcRZI.js line 1 > eval line 5080 > eval line 1 > eval line 1 > eval, line 1: WEBGL_debug_renderer_info is deprecated in Firefox and will be removed. Please use RENDERER.
1646827886751	Marionette	INFO	Stopped listening on port 64821646827888711	mozrunner::runner	INFO	Running command: "C:\\Program Files\\Mozilla Firefox\\firefox.exe" "--marionette" "-no-remote" "-profile" "C:\\Users\\Elnathan\\AppData\\Local\\Temp\\rust_mozprofileteVtWy"
1646827889102	Marionette	INFO	Marionette enabled
console.warn: SearchSettings: "get: No settings file exists, new profile?" (new NotFoundError("Could not open the file at C:\\Users\\Elnathan\\AppData\\Local\\Temp\\rust_mozprofileteVtWy\\search.json.mozlz4", (void 0)))
1646827891191	Marionette	INFO	Listening on port 65117
1646827891385	RemoteAgent	WARN	TLS certificate errors will be ignored for this session
JavaScript warning: https://pagead2.googlesyndication.com/bg/hbjI8xylHpjavQyfdphvo41Bfdkh_RgUM1b0sbpcRZI.js line 1 > eval line 490 > eval line 1 > eval line 1 > eval, line 1: WEBGL_debug_renderer_info is deprecated in Firefox and will be removed. Please use RENDERER.
JavaScript warning: https://pagead2.googlesyndication.com/bg/hbjI8xylHpjavQyfdphvo41Bfdkh_RgUM1b0sbpcRZI.js line 1 > eval line 4539 > eval line 1 > eval line 1 > eval, line 1: WEBGL_debug_renderer_info is deprecated in Firefox and will be removed. Please use RENDERER.
JavaScript warning: https://pagead2.googlesyndication.com/bg/hbjI8xylHpjavQyfdphvo41Bfdkh_RgUM1b0sbpcRZI.js line 1 > eval line 3844 > eval line 1 > eval line 1 > eval, line 1: WEBGL_debug_renderer_info is deprecated in Firefox and will be removed. Please use RENDERER.
JavaScript warning: https://pagead2.googlesyndication.com/bg/hbjI8xylHpjavQyfdphvo41Bfdkh_RgUM1b0sbpcRZI.js line 1 > eval line 5873 > eval line 1 > eval line 1 > eval, line 1: WEBGL_debug_renderer_info is deprecated in Firefox and will be removed. Please use RENDERER.
JavaScript warning: https://pagead2.googlesyndication.com/bg/hbjI8xylHpjavQyfdphvo41Bfdkh_RgUM1b0sbpcRZI.js line 1 > eval line 6826 > eval line 1 > eval line 1 > eval, line 1: WEBGL_debug_renderer_info is deprecated in Firefox and will be removed. Please use RENDERER.
1646828231225	Marionette	INFO	Stopped listening on port 65111646828231722	mozrunner::runner	INFO	Running command: "C:\\Program Files\\Mozilla Firefox\\firefox.exe" "--marionette" "-no-remote" "-profile" "C:\\Users\\Elnathan\\AppData\\Local\\Temp\\rust_mozprofilekd5v5K"
1646828232114	Marionette	INFO	Marionette enabled
console.warn: SearchSettings: "get: No settings file exists, new profile?" (new NotFoundError("Could not open the file at C:\\Users\\Elnathan\\AppData\\Local\\Temp\\rust_mozprofilekd5v5K\\search.json.mozlz4", (void 0)))
1646828234183	Marionette	INFO	Listening on port 49311
1646828234392	RemoteAgent	WARN	TLS certificate errors will be ignored for this session
JavaScript warning: https://pagead2.googlesyndication.com/bg/hbjI8xylHpjavQyfdphvo41Bfdkh_RgUM1b0sbpcRZI.js line 1 > eval line 1409 > eval line 1 > eval line 1 > eval, line 1: WEBGL_debug_renderer_info is deprecated in Firefox and will be removed. Please use RENDERER.
JavaScript warning: https://pagead2.googlesyndication.com/bg/hbjI8xylHpjavQyfdphvo41Bfdkh_RgUM1b0sbpcRZI.js line 1 > eval line 5013 > eval line 1 > eval line 1 > eval, line 1: WEBGL_debug_renderer_info is deprecated in Firefox and will be removed. Please use RENDERER.
JavaScript warning: https://pagead2.googlesyndication.com/bg/hbjI8xylHpjavQyfdphvo41Bfdkh_RgUM1b0sbpcRZI.js line 1 > eval line 1805 > eval line 1 > eval line 1 > eval, line 1: WEBGL_debug_renderer_info is deprecated in Firefox and will be removed. Please use RENDERER.
JavaScript warning: https://pagead2.googlesyndication.com/bg/hbjI8xylHpjavQyfdphvo41Bfdkh_RgUM1b0sbpcRZI.js line 1 > eval line 6902 > eval line 1 > eval line 1 > eval, line 1: WEBGL_debug_renderer_info is deprecated in Firefox and will be removed. Please use RENDERER.
1646828296789	Marionette	INFO	Stopped listening on port 49311646828298767	mozrunner::runner	INFO	Running command: "C:\\Program Files\\Mozilla Firefox\\firefox.exe" "--marionette" "-no-remote" "-profile" "C:\\Users\\Elnathan\\AppData\\Local\\Temp\\rust_mozprofileC0WVjh"
1646828299157	Marionette	INFO	Marionette enabled
console.warn: SearchSettings: "get: No settings file exists, new profile?" (new NotFoundError("Could not open the file at C:\\Users\\Elnathan\\AppData\\Local\\Temp\\rust_mozprofileC0WVjh\\search.json.mozlz4", (void 0)))
1646828301361	Marionette	INFO	Listening on port 49577
1646828301442	RemoteAgent	WARN	TLS certificate errors will be ignored for this session
JavaScript warning: https://pagead2.googlesyndication.com/bg/hbjI8xylHpjavQyfdphvo41Bfdkh_RgUM1b0sbpcRZI.js line 1 > eval line 6868 > eval line 1 > eval line 1 > eval, line 1: WEBGL_debug_renderer_info is deprecated in Firefox and will be removed. Please use RENDERER.
JavaScript warning: https://pagead2.googlesyndication.com/bg/hbjI8xylHpjavQyfdphvo41Bfdkh_RgUM1b0sbpcRZI.js line 1 > eval line 1314 > eval line 1 > eval line 1 > eval, line 1: WEBGL_debug_renderer_info is deprecated in Firefox and will be removed. Please use RENDERER.
JavaScript warning: https://pagead2.googlesyndication.com/bg/hbjI8xylHpjavQyfdphvo41Bfdkh_RgUM1b0sbpcRZI.js line 1 > eval line 6135 > eval line 1 > eval line 1 > eval, line 1: WEBGL_debug_renderer_info is deprecated in Firefox and will be removed. Please use RENDERER.
JavaScript warning: https://pagead2.googlesyndication.com/bg/hbjI8xylHpjavQyfdphvo41Bfdkh_RgUM1b0sbpcRZI.js line 1 > eval line 444 > eval line 1 > eval line 1 > eval, line 1: WEBGL_debug_renderer_info is deprecated in Firefox and will be removed. Please use RENDERER.
1646828425572	Marionette	INFO	Stopped listening on port 49577
console.warn: TopSitesFeed: Failed to fetch data from Contile server: NetworkError when attempting to fetch resource.
JavaScript error: , line 0: TypeError: NetworkError when attempting to fetch resource.
JavaScript error: , line 0: TypeError: NetworkError when attempting to fetch resource.
JavaScript error: , line 0: TypeError: NetworkError when attempting to fetch resource.
JavaScript error: , line 0: TypeError: NetworkError when attempting to fetch resource.
JavaScript error: , line 0: TypeError: NetworkError when attempting to fetch resource.
WARN	TLS certificate errors will be ignored for this session
JavaScript warning: https://pagead2.googlesyndication.com/bg/hbjI8xylHpjavQyfdphvo41Bfdkh_RgUM1b0sbpcRZI.js line 1 > eval line 4994 > eval line 1 > eval line 1 > eval, line 1: WEBGL_debug_renderer_info is deprecated in Firefox and will be removed. Please use RENDERER.
JavaScript warning: https://pagead2.googlesyndication.com/bg/hbjI8xylHpjavQyfdphvo41Bfdkh_RgUM1b0sbpcRZI.js line 1 > eval line 1865 > eval line 1 > eval line 1 > eval, line 1: WEBGL_debug_renderer_info is deprecated in Firefox and will be removed. Please use RENDERER.
JavaScript warning: https://pagead2.googlesyndication.com/bg/hbjI8xylHpjavQyfdphvo41Bfdkh_RgUM1b0sbpcRZI.js line 1 > eval line 7053 > eval line 1 > eval line 1 > eval, line 1: WEBGL_debug_renderer_info is deprecated in Firefox and will be removed. Please use RENDERER.
1646828730550	Marionette	INFO	Stopped listening on port 49961646828732098	mozrunner::runner	INFO	Running command: "C:\\Program Files\\Mozilla Firefox\\firefox.exe" "--marionette" "-no-remote" "-profile" "C:\\Users\\Elnathan\\AppData\\Local\\Temp\\rust_mozprofilev5K7pr"
1646828732490	Marionette	INFO	Marionette enabled
console.warn: SearchSettings: "get: No settings file exists, new profile?" (new NotFoundError("Could not open the file at C:\\Users\\Elnathan\\AppData\\Local\\Temp\\rust_mozprofilev5K7pr\\search.json.mozlz4", (void 0)))
1646828734675	Marionette	INFO	Listening on port 51018
1646828734774	RemoteAgent	WARN	TLS certificate errors will be ignored for this session
JavaScript warning: https://pagead2.googlesyndication.com/bg/hbjI8xylHpjavQyfdphvo41Bfdkh_RgUM1b0sbpcRZI.js line 1 > eval line 2490 > eval line 1 > eval line 1 > eval, line 1: WEBGL_debug_renderer_info is deprecated in Firefox and will be removed. Please use RENDERER.
JavaScript warning: https://pagead2.googlesyndication.com/bg/hbjI8xylHpjavQyfdphvo41Bfdkh_RgUM1b0sbpcRZI.js line 1 > eval line 160 > eval line 1 > eval line 1 > eval, line 1: WEBGL_debug_renderer_info is deprecated in Firefox and will be removed. Please use RENDERER.
JavaScript warning: https://pagead2.googlesyndication.com/bg/hbjI8xylHpjavQyfdphvo41Bfdkh_RgUM1b0sbpcRZI.js line 1 > eval line 2208 > eval line 1 > eval line 1 > eval, line 1: WEBGL_debug_renderer_info is deprecated in Firefox and will be removed. Please use RENDERER.
JavaScript warning: https://pagead2.googlesyndication.com/bg/hbjI8xylHpjavQyfdphvo41Bfdkh_RgUM1b0sbpcRZI.js line 1 > eval line 2218 > eval line 1 > eval line 1 > eval, line 1: WEBGL_debug_renderer_info is deprecated in Firefox and will be removed. Please use RENDERER.
JavaScript warning: https://pagead2.googlesyndication.com/bg/hbjI8xylHpjavQyfdphvo41Bfdkh_RgUM1b0sbpcRZI.js line 1 > eval line 5514 > eval line 1 > eval line 1 > eval, line 1: WEBGL_debug_renderer_info is deprecated in Firefox and will be removed. Please use RENDERER.
JavaScript warning: https://pagead2.googlesyndication.com/bg/hbjI8xylHpjavQyfdphvo41Bfdkh_RgUM1b0sbpcRZI.js line 1 > eval line 4782 > eval line 1 > eval line 1 > eval, line 1: WEBGL_debug_renderer_info is deprecated in Firefox and will be removed. Please use RENDERER.
JavaScript warning: https://pagead2.googlesyndication.com/bg/hbjI8xylHpjavQyfdphvo41Bfdkh_RgUM1b0sbpcRZI.js line 1 > eval line 5322 > eval line 1 > eval line 1 > eval, line 1: WEBGL_debug_renderer_info is deprecated in Firefox and will be removed. Please use RENDERER.
JavaScript warning: https://pagead2.googlesyndication.com/bg/hbjI8xylHpjavQyfdphvo41Bfdkh_RgUM1b0sbpcRZI.js line 1 > eval line 7624 > eval line 1 > eval line 1 > eval, line 1: WEBGL_debug_renderer_info is deprecated in Firefox and will be removed. Please use RENDERER.
JavaScript warning: https://pagead2.googlesyndication.com/bg/hbjI8xylHpjavQyfdphvo41Bfdkh_RgUM1b0sbpcRZI.js line 1 > eval line 7288 > eval line 1 > eval line 1 > eval, line 1: WEBGL_debug_renderer_info is deprecated in Firefox and will be removed. Please use RENDERER.
JavaScript warning: https://pagead2.googlesyndication.com/bg/hbjI8xylHpjavQyfdphvo41Bfdkh_RgUM1b0sbpcRZI.js line 1 > eval line 1571 > eval line 1 > eval line 1 > eval, line 1: WEBGL_debug_renderer_info is deprecated in Firefox and will be removed. Please use RENDERER.
